# project  configured on Wed Aug 19 22:45:16 2015 by
# waf 1.7.11 (abi 98, python 20706f0 on darwin)
# using /Users/Turner/pebble-dev/PebbleSDK-3.3/Pebble/waf configure
#
----------------------------------------
Setting top to
/Users/Turner/pebble-dev/PebbleSDK-3.3/projects/vacation-time
----------------------------------------
Setting out to
/Users/Turner/pebble-dev/PebbleSDK-3.3/projects/vacation-time/build
----------------------------------------
Found Pebble SDK for basalt in:
/Users/Turner/pebble-dev/PebbleSDK-3.3/Pebble/basalt
----------------------------------------
Checking for program gcc,cc
arm-none-eabi-gcc
find program=['gcc', 'cc'] paths='' var='CC' -> 'arm-none-eabi-gcc'
----------------------------------------
Checking for program ar
arm-none-eabi-ar
find program=['ar'] paths='' var='AR' -> 'arm-none-eabi-ar'
----------------------------------------
Found Pebble SDK for aplite in:
/Users/Turner/pebble-dev/PebbleSDK-3.3/Pebble/aplite
----------------------------------------
Checking for program gcc,cc
arm-none-eabi-gcc
find program=['gcc', 'cc'] paths='' var='CC' -> 'arm-none-eabi-gcc'
----------------------------------------
Checking for program ar
arm-none-eabi-ar
find program=['ar'] paths='' var='AR' -> 'arm-none-eabi-ar'
